
 ***** LoadRefs of <Mangal\SIMATIC 400\CPU 416-2 DP\S7 Program(1)\Charts> on 06/11/12 13:50:02


 ***** LoadRefs of <Mangal\SIMATIC 400\CPU 416-2 DP\S7 Program(1)\Charts> on 06/11/12 13:53:43

TEST [FC55]          (LD ) -> (LD ) -> VISU_GEN [FB1067]    (LD )  
TEST [FC55]          (LD ) -> (LD ) -> TEST.1 [DB63]        (LD )  
OB35 [FC18]          (LD ) -> (LD ) -> TEST [FC55]          (LD )  
OB35 [FC18]          (LD ) -> (LD ) -> DB62                 (LD )  
OB35 [FC18]          (LD ) -> (LD ) -> DB61                 (CLM)  
OB35 [OB35]          (LD ) -> (LD ) -> OB35 [FC18]          (LD )  

 ***** LoadRefs of <Mangal\SIMATIC 400\CPU 416-2 DP\S7 Program(1)\Charts> on 06/11/12 14:30:20

TEST [FC55]          (CHG) -> (NEW) -> READY_STD [FB1060]   (NEW)  
TEST [FC55]          (CHG) -> (NEW) -> TEST.2 [DB64]        (NEW)  
TEST [FC55]          (CHG) -> (LD ) -> VISU_GEN [FB1067]    (LD )  
TEST [FC55]          (CHG) -> (LD ) -> TEST.1 [DB63]        (LD )  
OB35 [FC18]          (LD ) -> (LD ) -> TEST [FC55]          (CHG)  
OB35 [FC18]          (LD ) -> (LD ) -> DB62                 (CLM)  
OB35 [FC18]          (LD ) -> (LD ) -> DB61                 (CLM)  
OB35 [OB35]          (LD ) -> (LD ) -> OB35 [FC18]          (LD )  

 ***** LoadRefs of <Mangal\SIMATIC 400\CPU 416-2 DP\S7 Program(1)\Charts> on 06/11/12 15:17:13

TEST [FC55]          (CHG) -> (NEW) -> FB1 [FB1]            (LD )  
TEST [FC55]          (CHG) -> (NEW) -> TEST.3 [DB65]        (NEW)  
TEST [FC55]          (CHG) -> (LD ) -> READY_STD [FB1060]   (LD )  
TEST [FC55]          (CHG) -> (LD ) -> TEST.2 [DB64]        (LD )  
TEST [FC55]          (CHG) -> (LD ) -> VISU_GEN [FB1067]    (LD )  
TEST [FC55]          (CHG) -> (LD ) -> TEST.1 [DB63]        (LD )  
OB35 [FC18]          (LD ) -> (LD ) -> TEST [FC55]          (CHG)  
OB35 [FC18]          (LD ) -> (LD ) -> DB62                 (CLM)  
OB35 [FC18]          (LD ) -> (LD ) -> DB61                 (CLM)  
OB35 [OB35]          (LD ) -> (LD ) -> OB35 [FC18]          (LD )  

 ***** LoadRefs of <Mangal\SIMATIC 400\CPU 416-2 DP\S7 Program(1)\Charts> on 06/11/12 19:50:37

TEST [FC55]          (LD ) -> (LD ) -> FB1 [FB1]            (LD )  
TEST [FC55]          (LD ) -> (LD ) -> TEST.3 [DB65]        (LD )  
TEST [FC55]          (LD ) -> (LD ) -> READY_STD [FB1060]   (LD )  
TEST [FC55]          (LD ) -> (LD ) -> TEST.2 [DB64]        (LD )  
TEST [FC55]          (LD ) -> (LD ) -> VISU_GEN [FB1067]    (LD )  
TEST [FC55]          (LD ) -> (LD ) -> TEST.1 [DB63]        (LD )  
OB35 [FC18]          (LD ) -> (LD ) -> TEST [FC55]          (LD )  
OB35 [FC18]          (LD ) -> (LD ) -> DB62                 (LD )  
OB35 [FC18]          (LD ) -> (LD ) -> DB61                 (CLM)  
OB35 [OB35]          (LD ) -> (LD ) -> OB35 [FC18]          (LD )  

 ***** LoadRefs of <Mangal\SIMATIC 400\CPU 416-2 DP\S7 Program(1)\Charts> on 06/11/12 19:51:10

TEST [FC55]          (LD ) -> (LD ) -> FB1 [FB1]            (LD )  
TEST [FC55]          (LD ) -> (LD ) -> TEST.3 [DB65]        (LD )  
TEST [FC55]          (LD ) -> (LD ) -> READY_STD [FB1060]   (LD )  
TEST [FC55]          (LD ) -> (LD ) -> TEST.2 [DB64]        (LD )  
TEST [FC55]          (LD ) -> (LD ) -> VISU_GEN [FB1067]    (LD )  
TEST [FC55]          (LD ) -> (LD ) -> TEST.1 [DB63]        (LD )  
OB35 [FC18]          (LD ) -> (LD ) -> TEST [FC55]          (LD )  
OB35 [FC18]          (LD ) -> (LD ) -> DB62                 (LD )  
OB35 [FC18]          (LD ) -> (LD ) -> DB61                 (CLM)  
OB35 [OB35]          (LD ) -> (LD ) -> OB35 [FC18]          (LD )  

 ***** LoadRefs of <Mangal\SIMATIC 400\CPU 416-2 DP\S7 Program(1)\Charts> on 06/15/12 08:56:36

TEST [FC55]          (CHG) -> (NEW) -> CUT_SHER [FB3333]    (LD )  
TEST [FC55]          (CHG) -> (NEW) -> TEST.4 [DB66]        (NEW)  
TEST [FC55]          (CHG) -> (LD ) -> FB1 [FB1]            (LD )  
TEST [FC55]          (CHG) -> (LD ) -> TEST.3 [DB65]        (LD )  
TEST [FC55]          (CHG) -> (LD ) -> READY_STD [FB1060]   (LD )  
TEST [FC55]          (CHG) -> (LD ) -> TEST.2 [DB64]        (LD )  
TEST [FC55]          (CHG) -> (LD ) -> VISU_GEN [FB1067]    (LD )  
TEST [FC55]          (CHG) -> (LD ) -> TEST.1 [DB63]        (LD )  
OB35 [FC18]          (LD ) -> (LD ) -> TEST [FC55]          (CHG)  
OB35 [FC18]          (LD ) -> (LD ) -> DB62                 (CLM)  
OB35 [FC18]          (LD ) -> (LD ) -> DB61                 (CLM)  
OB35 [OB35]          (LD ) -> (LD ) -> OB35 [FC18]          (LD )  

 ***** LoadRefs of <Mangal\SIMATIC 400\CPU 416-2 DP\S7 Program(1)\Charts> on 06/15/12 09:56:49

TEST [FC55]          (CHG) -> (NEW) -> TIMER_P [FB5]        (LD )  
TEST [FC55]          (CHG) -> (NEW) -> TEST.4 [DB67]        (NEW)  
TEST [FC55]          (CHG) -> (LD ) -> FB1 [FB1]            (LD )  
TEST [FC55]          (CHG) -> (LD ) -> TEST.3 [DB65]        (LD )  
TEST [FC55]          (CHG) -> (LD ) -> READY_STD [FB1060]   (LD )  
TEST [FC55]          (CHG) -> (LD ) -> TEST.2 [DB64]        (LD )  
TEST [FC55]          (CHG) -> (LD ) -> VISU_GEN [FB1067]    (LD )  
TEST [FC55]          (CHG) -> (LD ) -> TEST.1 [DB63]        (LD )  
OB35 [FC18]          (LD ) -> (LD ) -> TEST [FC55]          (CHG)  
DB66                 (DEL) -> (DEL) -> TEST [FC55]          (CHG)  
OB35 [FC18]          (LD ) -> (LD ) -> DB62                 (CLM)  
OB35 [FC18]          (LD ) -> (LD ) -> DB61                 (CLM)  
OB35 [OB35]          (LD ) -> (LD ) -> OB35 [FC18]          (LD )  

 ***** LoadRefs of <Mangal\SIMATIC 400\CPU 416-2 DP\S7 Program(1)\Charts> on 06/15/12 10:24:14


 ***** LoadRefs of <Mangal\SIMATIC 400\CPU 416-2 DP\S7 Program(1)\Charts> on 06/15/12 10:24:51


 ***** LoadRefs of <Mangal\SIMATIC 400\CPU 416-2 DP\S7 Program(1)\Charts> on 06/15/12 10:27:02

TEST [FC55]          (CHG) -> (LD ) -> CUT_SHER [FB3333]    (LD )  
TEST [FC55]          (CHG) -> (LD ) -> TEST.5 [DB68]        (LD )  
TEST [FC55]          (CHG) -> (LD ) -> TIMER_P [FB5]        (LD )  
TEST [FC55]          (CHG) -> (LD ) -> TEST.4 [DB67]        (LD )  
TEST [FC55]          (CHG) -> (LD ) -> FB1 [FB1]            (LD )  
TEST [FC55]          (CHG) -> (LD ) -> TEST.3 [DB65]        (LD )  
TEST [FC55]          (CHG) -> (LD ) -> READY_STD [FB1060]   (LD )  
TEST [FC55]          (CHG) -> (LD ) -> TEST.2 [DB64]        (LD )  
TEST [FC55]          (CHG) -> (LD ) -> VISU_GEN [FB1067]    (LD )  
TEST [FC55]          (CHG) -> (LD ) -> TEST.1 [DB63]        (LD )  
OB35 [FC18]          (LD ) -> (LD ) -> TEST [FC55]          (CHG)  
OB35 [FC18]          (LD ) -> (LD ) -> DB62                 (LD )  
OB35 [FC18]          (LD ) -> (LD ) -> DB61                 (CLM)  
OB35 [OB35]          (LD ) -> (LD ) -> OB35 [FC18]          (LD )  

 ***** LoadRefs of <Mangal\SIMATIC 400\CPU 416-2 DP\S7 Program(1)\Charts> on 06/15/12 10:31:28


 ***** LoadRefs of <Mangal\SIMATIC 400\CPU 416-2 DP\S7 Program(1)\Charts> on 06/15/12 10:55:34


 ***** LoadRefs of <Mangal\SIMATIC 400\CPU 416-2 DP\S7 Program(1)\Charts> on 06/15/12 11:51:42


 ***** LoadRefs of <Mangal\SIMATIC 400\CPU 416-2 DP\S7 Program(1)\Charts> on 06/15/12 11:53:23


 ***** LoadRefs of <Mangal\SIMATIC 400\CPU 416-2 DP\S7 Program(1)\Charts> on 06/15/12 11:56:42

TEST [FC55]          (CHG) -> (NEW) -> TEST.6 [DB68]        (NEW)  
OB35 [FC18]          (LD ) -> (LD ) -> DB62                 (CLM)  
TEST [FC55]          (CHG) -> (NEW) -> DB62                 (CLM)  
TEST [FC55]          (CHG) -> (LD ) -> TEST.5 [DB66]        (CLM)  
TEST [FC55]          (CHG) -> (LD ) -> CUT_SHER [FB3333]    (LD )  
TEST [FC55]          (CHG) -> (LD ) -> TIMER_P [FB5]        (LD )  
TEST [FC55]          (CHG) -> (LD ) -> TEST.4 [DB67]        (LD )  
TEST [FC55]          (CHG) -> (LD ) -> FB1 [FB1]            (LD )  
TEST [FC55]          (CHG) -> (LD ) -> TEST.3 [DB65]        (LD )  
TEST [FC55]          (CHG) -> (LD ) -> READY_STD [FB1060]   (LD )  
TEST [FC55]          (CHG) -> (LD ) -> TEST.2 [DB64]        (LD )  
TEST [FC55]          (CHG) -> (LD ) -> VISU_GEN [FB1067]    (LD )  
TEST [FC55]          (CHG) -> (LD ) -> TEST.1 [DB63]        (LD )  
OB35 [FC18]          (LD ) -> (LD ) -> TEST [FC55]          (CHG)  
TEST.5 [DB66].SPID_HMD (CHG) -> (---) -> TEST [FC55]          (CHG)  
TEST.5 [DB66].LOC_HMD_SHER (CHG) -> (---) -> TEST [FC55]          (CHG)  
TEST.5 [DB66].REF_CUT_HEAD (CHG) -> (---) -> TEST [FC55]          (CHG)  
TEST.5 [DB66].REF_CUT_TAIL (CHG) -> (---) -> TEST [FC55]          (CHG)  
OB35 [FC18]          (LD ) -> (LD ) -> DB61                 (CLM)  
OB35 [OB35]          (LD ) -> (LD ) -> OB35 [FC18]          (LD )  

 ***** LoadRefs of <Mangal\SIMATIC 400\CPU 416-2 DP\S7 Program(1)\Charts> on 06/15/12 12:27:16

TEST [FC55]          (CHG) -> (LD ) -> TEST.6 [DB68]        (LD )  
OB35 [FC18]          (LD ) -> (LD ) -> DB62                 (CLM)  
TEST [FC55]          (CHG) -> (LD ) -> DB62                 (CLM)  
TEST [FC55]          (CHG) -> (LD ) -> TEST.5 [DB66]        (LD )  
TEST [FC55]          (CHG) -> (LD ) -> CUT_SHER [FB3333]    (R_C)  
TEST [FC55]          (CHG) -> (LD ) -> TIMER_P [FB5]        (LD )  
TEST [FC55]          (CHG) -> (LD ) -> TEST.4 [DB67]        (LD )  
TEST [FC55]          (CHG) -> (LD ) -> FB1 [FB1]            (LD )  
TEST [FC55]          (CHG) -> (LD ) -> TEST.3 [DB65]        (LD )  
TEST [FC55]          (CHG) -> (LD ) -> READY_STD [FB1060]   (LD )  
TEST [FC55]          (CHG) -> (LD ) -> TEST.2 [DB64]        (LD )  
TEST [FC55]          (CHG) -> (LD ) -> VISU_GEN [FB1067]    (LD )  
TEST [FC55]          (CHG) -> (LD ) -> TEST.1 [DB63]        (LD )  
OB35 [FC18]          (LD ) -> (LD ) -> TEST [FC55]          (CHG)  
DB62.D00001.0        (NEW) -> (---) -> TEST [FC55]          (CHG)  
DB62.D00001.1        (NEW) -> (---) -> TEST [FC55]          (CHG)  
DB62.D00001.2        (NEW) -> (---) -> TEST [FC55]          (CHG)  
DB62.D00001.3        (NEW) -> (---) -> TEST [FC55]          (CHG)  
DB62.D00001.4        (NEW) -> (---) -> TEST [FC55]          (CHG)  
DB62.D00001.5        (NEW) -> (---) -> TEST [FC55]          (CHG)  
OB35 [FC18]          (LD ) -> (LD ) -> DB61                 (CLM)  
OB35 [OB35]          (LD ) -> (LD ) -> OB35 [FC18]          (LD )  

 ***** LoadRefs of <Mangal\SIMATIC 400\CPU 416-2 DP\S7 Program(1)\Charts> on 06/15/12 12:28:21

TEST [FC55]          (CHG) -> (LD ) -> TEST.6 [DB68]        (CLM)  
OB35 [FC18]          (LD ) -> (LD ) -> DB62                 (LD )  
TEST [FC55]          (CHG) -> (LD ) -> DB62                 (LD )  
TEST [FC55]          (CHG) -> (LD ) -> TEST.5 [DB66]        (LD )  
TEST [FC55]          (CHG) -> (LD ) -> CUT_SHER [FB3333]    (LD )  
TEST [FC55]          (CHG) -> (LD ) -> TIMER_P [FB5]        (LD )  
TEST [FC55]          (CHG) -> (LD ) -> TEST.4 [DB67]        (CLM)  
TEST [FC55]          (CHG) -> (LD ) -> FB1 [FB1]            (LD )  
TEST [FC55]          (CHG) -> (LD ) -> TEST.3 [DB65]        (LD )  
TEST [FC55]          (CHG) -> (LD ) -> READY_STD [FB1060]   (LD )  
TEST [FC55]          (CHG) -> (LD ) -> TEST.2 [DB64]        (LD )  
TEST [FC55]          (CHG) -> (LD ) -> VISU_GEN [FB1067]    (LD )  
TEST [FC55]          (CHG) -> (LD ) -> TEST.1 [DB63]        (LD )  
OB35 [FC18]          (LD ) -> (LD ) -> TEST [FC55]          (CHG)  
TEST.4 [DB67].RESET  (CHG) -> (---) -> TEST [FC55]          (CHG)  
TEST.6 [DB68].RESET  (CHG) -> (---) -> TEST [FC55]          (CHG)  
OB35 [FC18]          (LD ) -> (LD ) -> DB61                 (CLM)  
OB35 [OB35]          (LD ) -> (LD ) -> OB35 [FC18]          (LD )  

 ***** LoadRefs of <Mangal\SIMATIC 400\CPU 416-2 DP\S7 Program(1)\Charts> on 06/15/12 12:29:57

TEST [FC55]          (CHG) -> (LD ) -> TEST.6 [DB68]        (LD )  
OB35 [FC18]          (LD ) -> (LD ) -> DB62                 (LD )  
TEST [FC55]          (CHG) -> (LD ) -> DB62                 (LD )  
TEST [FC55]          (CHG) -> (LD ) -> TEST.5 [DB66]        (LD )  
TEST [FC55]          (CHG) -> (LD ) -> CUT_SHER [FB3333]    (LD )  
TEST [FC55]          (CHG) -> (LD ) -> TIMER_P [FB5]        (LD )  
TEST [FC55]          (CHG) -> (LD ) -> TEST.4 [DB67]        (LD )  
TEST [FC55]          (CHG) -> (LD ) -> FB1 [FB1]            (LD )  
TEST [FC55]          (CHG) -> (LD ) -> TEST.3 [DB65]        (LD )  
TEST [FC55]          (CHG) -> (LD ) -> READY_STD [FB1060]   (LD )  
TEST [FC55]          (CHG) -> (LD ) -> TEST.2 [DB64]        (LD )  
TEST [FC55]          (CHG) -> (LD ) -> VISU_GEN [FB1067]    (LD )  
TEST [FC55]          (CHG) -> (LD ) -> TEST.1 [DB63]        (LD )  
OB35 [FC18]          (LD ) -> (LD ) -> TEST [FC55]          (CHG)  
OB35 [FC18]          (LD ) -> (LD ) -> DB61                 (CLM)  
OB35 [OB35]          (LD ) -> (LD ) -> OB35 [FC18]          (LD )  

 ***** LoadRefs of <Mangal\SIMATIC 400\CPU 416-2 DP\S7 Program(1)\Charts> on 06/15/12 12:31:13

TEST [FC55]          (CHG) -> (LD ) -> TEST.6 [DB68]        (LD )  
OB35 [FC18]          (LD ) -> (LD ) -> DB62                 (LD )  
TEST [FC55]          (CHG) -> (LD ) -> DB62                 (LD )  
TEST [FC55]          (CHG) -> (LD ) -> TEST.5 [DB66]        (LD )  
TEST [FC55]          (CHG) -> (LD ) -> CUT_SHER [FB3333]    (LD )  
TEST [FC55]          (CHG) -> (LD ) -> TIMER_P [FB5]        (LD )  
TEST [FC55]          (CHG) -> (LD ) -> TEST.4 [DB67]        (LD )  
TEST [FC55]          (CHG) -> (LD ) -> FB1 [FB1]            (LD )  
TEST [FC55]          (CHG) -> (LD ) -> TEST.3 [DB65]        (LD )  
TEST [FC55]          (CHG) -> (LD ) -> READY_STD [FB1060]   (LD )  
TEST [FC55]          (CHG) -> (LD ) -> TEST.2 [DB64]        (LD )  
TEST [FC55]          (CHG) -> (LD ) -> VISU_GEN [FB1067]    (LD )  
TEST [FC55]          (CHG) -> (LD ) -> TEST.1 [DB63]        (LD )  
OB35 [FC18]          (LD ) -> (LD ) -> TEST [FC55]          (CHG)  
OB35 [FC18]          (LD ) -> (LD ) -> DB61                 (CLM)  
OB35 [OB35]          (LD ) -> (LD ) -> OB35 [FC18]          (LD )  

 ***** LoadRefs of <Mangal\SIMATIC 400\CPU 416-2 DP\S7 Program(1)\Charts> on 06/15/12 12:40:33


 ***** LoadRefs of <Mangal\SIMATIC 400\CPU 416-2 DP\S7 Program(1)\Charts> on 06/15/12 13:52:44

TEST [FC55]          (CHG) -> (LD ) -> TEST.5 [DB69]        (LD )  
TEST [FC55]          (CHG) -> (LD ) -> TEST.6 [DB68]        (LD )  
OB35 [FC18]          (LD ) -> (LD ) -> DB62                 (LD )  
TEST [FC55]          (CHG) -> (LD ) -> DB62                 (LD )  
TEST [FC55]          (CHG) -> (LD ) -> CUT_SHER [FB3333]    (LD )  
TEST [FC55]          (CHG) -> (LD ) -> TIMER_P [FB5]        (LD )  
TEST [FC55]          (CHG) -> (LD ) -> TEST.4 [DB67]        (LD )  
TEST [FC55]          (CHG) -> (LD ) -> FB1 [FB1]            (LD )  
TEST [FC55]          (CHG) -> (LD ) -> TEST.3 [DB65]        (LD )  
TEST [FC55]          (CHG) -> (LD ) -> READY_STD [FB1060]   (LD )  
TEST [FC55]          (CHG) -> (LD ) -> TEST.2 [DB64]        (LD )  
TEST [FC55]          (CHG) -> (LD ) -> VISU_GEN [FB1067]    (LD )  
TEST [FC55]          (CHG) -> (LD ) -> TEST.1 [DB63]        (LD )  
OB35 [FC18]          (LD ) -> (LD ) -> TEST [FC55]          (CHG)  
OB35 [FC18]          (LD ) -> (LD ) -> DB61                 (CLM)  
OB35 [OB35]          (LD ) -> (LD ) -> OB35 [FC18]          (LD )  

 ***** LoadRefs of <Mangal\SIMATIC 400\CPU 416-2 DP\S7 Program(1)\Charts> on 06/15/12 13:56:55

TEST [FC55]          (CHG) -> (NEW) -> N_TOF [FB1483]       (LD )  
TEST [FC55]          (CHG) -> (NEW) -> TEST.10 [DB70]       (NEW)  
TEST [FC55]          (CHG) -> (LD ) -> TEST.5 [DB69]        (CLM)  
TEST [FC55]          (CHG) -> (LD ) -> TEST.6 [DB68]        (LD )  
OB35 [FC18]          (LD ) -> (LD ) -> DB62                 (CLM)  
TEST [FC55]          (CHG) -> (LD ) -> DB62                 (CLM)  
TEST [FC55]          (CHG) -> (LD ) -> CUT_SHER [FB3333]    (LD )  
TEST [FC55]          (CHG) -> (LD ) -> TIMER_P [FB5]        (LD )  
TEST [FC55]          (CHG) -> (LD ) -> TEST.4 [DB67]        (LD )  
TEST [FC55]          (CHG) -> (LD ) -> FB1 [FB1]            (LD )  
TEST [FC55]          (CHG) -> (LD ) -> TEST.3 [DB65]        (LD )  
TEST [FC55]          (CHG) -> (LD ) -> READY_STD [FB1060]   (LD )  
TEST [FC55]          (CHG) -> (LD ) -> TEST.2 [DB64]        (LD )  
TEST [FC55]          (CHG) -> (LD ) -> VISU_GEN [FB1067]    (LD )  
TEST [FC55]          (CHG) -> (LD ) -> TEST.1 [DB63]        (LD )  
OB35 [FC18]          (LD ) -> (LD ) -> TEST [FC55]          (CHG)  
DB62.D00000.6        (NEW) -> (---) -> TEST [FC55]          (CHG)  
TEST.5 [DB69].CUT    (LDL) -> (---) -> TEST [FC55]          (CHG)  
OB35 [FC18]          (LD ) -> (LD ) -> DB61                 (CLM)  
OB35 [OB35]          (LD ) -> (LD ) -> OB35 [FC18]          (LD )  

 ***** LoadRefs of <Mangal\SIMATIC 400\CPU 416-2 DP\S7 Program(1)\Charts> on 06/15/12 13:58:50

TEST [FC55]          (CHG) -> (LD ) -> N_TOF [FB1483]       (LD )  
TEST [FC55]          (CHG) -> (LD ) -> TEST.10 [DB70]       (CLM)  
TEST [FC55]          (CHG) -> (LD ) -> TEST.5 [DB69]        (LD )  
TEST [FC55]          (CHG) -> (LD ) -> TEST.6 [DB68]        (LD )  
OB35 [FC18]          (LD ) -> (LD ) -> DB62                 (CLM)  
TEST [FC55]          (CHG) -> (LD ) -> DB62                 (CLM)  
TEST [FC55]          (CHG) -> (LD ) -> CUT_SHER [FB3333]    (LD )  
TEST [FC55]          (CHG) -> (LD ) -> TIMER_P [FB5]        (LD )  
TEST [FC55]          (CHG) -> (LD ) -> TEST.4 [DB67]        (LD )  
TEST [FC55]          (CHG) -> (LD ) -> FB1 [FB1]            (LD )  
TEST [FC55]          (CHG) -> (LD ) -> TEST.3 [DB65]        (LD )  
TEST [FC55]          (CHG) -> (LD ) -> READY_STD [FB1060]   (LD )  
TEST [FC55]          (CHG) -> (LD ) -> TEST.2 [DB64]        (LD )  
TEST [FC55]          (CHG) -> (LD ) -> VISU_GEN [FB1067]    (LD )  
TEST [FC55]          (CHG) -> (LD ) -> TEST.1 [DB63]        (LD )  
OB35 [FC18]          (LD ) -> (LD ) -> TEST [FC55]          (CHG)  
DB62.D00001.7        (NEW) -> (---) -> TEST [FC55]          (CHG)  
DB62.D00002.0        (NEW) -> (---) -> TEST [FC55]          (CHG)  
DB62.D00002.1        (NEW) -> (---) -> TEST [FC55]          (CHG)  
TEST.10 [DB70].IN    (LDL) -> (---) -> TEST [FC55]          (CHG)  
TEST.10 [DB70].PT    (CHG) -> (---) -> TEST [FC55]          (CHG)  
OB35 [FC18]          (LD ) -> (LD ) -> DB61                 (CLM)  
OB35 [OB35]          (LD ) -> (LD ) -> OB35 [FC18]          (LD )  

 ***** LoadRefs of <Mangal\SIMATIC 400\CPU 416-2 DP\S7 Program(1)\Charts> on 06/15/12 14:00:25

TEST [FC55]          (CHG) -> (LD ) -> N_TOF [FB1483]       (LD )  
TEST [FC55]          (CHG) -> (LD ) -> TEST.10 [DB70]       (LD )  
TEST [FC55]          (CHG) -> (LD ) -> TEST.5 [DB69]        (LD )  
TEST [FC55]          (CHG) -> (LD ) -> TEST.6 [DB68]        (LD )  
OB35 [FC18]          (LD ) -> (LD ) -> DB62                 (LD )  
TEST [FC55]          (CHG) -> (LD ) -> DB62                 (LD )  
TEST [FC55]          (CHG) -> (LD ) -> CUT_SHER [FB3333]    (LD )  
TEST [FC55]          (CHG) -> (LD ) -> TIMER_P [FB5]        (LD )  
TEST [FC55]          (CHG) -> (LD ) -> TEST.4 [DB67]        (LD )  
TEST [FC55]          (CHG) -> (LD ) -> FB1 [FB1]            (LD )  
TEST [FC55]          (CHG) -> (LD ) -> TEST.3 [DB65]        (LD )  
TEST [FC55]          (CHG) -> (LD ) -> READY_STD [FB1060]   (LD )  
TEST [FC55]          (CHG) -> (LD ) -> TEST.2 [DB64]        (LD )  
TEST [FC55]          (CHG) -> (LD ) -> VISU_GEN [FB1067]    (LD )  
TEST [FC55]          (CHG) -> (LD ) -> TEST.1 [DB63]        (LD )  
OB35 [FC18]          (LD ) -> (LD ) -> TEST [FC55]          (CHG)  
OB35 [FC18]          (LD ) -> (LD ) -> DB61                 (CLM)  
OB35 [OB35]          (LD ) -> (LD ) -> OB35 [FC18]          (LD )  

 ***** LoadRefs of <Mangal\SIMATIC 400\CPU 416-2 DP\S7 Program(1)\Charts> on 06/15/12 14:00:55


 ***** LoadRefs of <Mangal\SIMATIC 400\CPU 416-2 DP\S7 Program(1)\Charts> on 06/15/12 14:05:38

TEST [FC55]          (CHG) -> (LD ) -> N_TOF [FB1483]       (LD )  
TEST [FC55]          (CHG) -> (LD ) -> TEST.10 [DB70]       (LD )  
TEST [FC55]          (CHG) -> (LD ) -> TEST.5 [DB69]        (LD )  
TEST [FC55]          (CHG) -> (LD ) -> TEST.6 [DB68]        (LD )  
OB35 [FC18]          (LD ) -> (LD ) -> DB62                 (LD )  
TEST [FC55]          (CHG) -> (LD ) -> DB62                 (LD )  
TEST [FC55]          (CHG) -> (LD ) -> CUT_SHER [FB3333]    (LD )  
TEST [FC55]          (CHG) -> (LD ) -> TIMER_P [FB5]        (LD )  
TEST [FC55]          (CHG) -> (LD ) -> TEST.4 [DB67]        (LD )  
TEST [FC55]          (CHG) -> (LD ) -> FB1 [FB1]            (LD )  
TEST [FC55]          (CHG) -> (LD ) -> TEST.3 [DB65]        (LD )  
TEST [FC55]          (CHG) -> (LD ) -> READY_STD [FB1060]   (LD )  
TEST [FC55]          (CHG) -> (LD ) -> TEST.2 [DB64]        (LD )  
TEST [FC55]          (CHG) -> (LD ) -> VISU_GEN [FB1067]    (LD )  
TEST [FC55]          (CHG) -> (LD ) -> TEST.1 [DB63]        (LD )  
OB35 [FC18]          (LD ) -> (LD ) -> TEST [FC55]          (CHG)  
OB35 [FC18]          (LD ) -> (LD ) -> DB61                 (CLM)  
OB35 [OB35]          (LD ) -> (LD ) -> OB35 [FC18]          (LD )  

 ***** LoadRefs of <Mangal\SIMATIC 400\CPU 416-2 DP\S7 Program(1)\Charts> on 06/15/12 17:33:45

TEST [FC55]          (CHG) -> (NEW) -> regulator [FB321]    (LD )  
TEST [FC55]          (CHG) -> (NEW) -> TEST.3 [DB66]        (NEW)  
TEST [FC55]          (CHG) -> (LD ) -> N_TOF [FB1483]       (LD )  
TEST [FC55]          (CHG) -> (LD ) -> TEST.10 [DB70]       (LD )  
TEST [FC55]          (CHG) -> (LD ) -> TEST.5 [DB69]        (LD )  
TEST [FC55]          (CHG) -> (LD ) -> TEST.6 [DB68]        (LD )  
OB35 [FC18]          (LD ) -> (LD ) -> DB62                 (CLM)  
TEST [FC55]          (CHG) -> (LD ) -> DB62                 (CLM)  
TEST [FC55]          (CHG) -> (LD ) -> CUT_SHER [FB3333]    (LD )  
TEST [FC55]          (CHG) -> (LD ) -> TIMER_P [FB5]        (LD )  
TEST [FC55]          (CHG) -> (LD ) -> TEST.4 [DB67]        (LD )  
TEST [FC55]          (CHG) -> (LD ) -> READY_STD [FB1060]   (LD )  
TEST [FC55]          (CHG) -> (LD ) -> TEST.2 [DB64]        (LD )  
TEST [FC55]          (CHG) -> (LD ) -> VISU_GEN [FB1067]    (LD )  
TEST [FC55]          (CHG) -> (LD ) -> TEST.1 [DB63]        (LD )  
OB35 [FC18]          (LD ) -> (LD ) -> TEST [FC55]          (CHG)  
DB65                 (DEL) -> (DEL) -> TEST [FC55]          (CHG)  
DB62.D00000.3        (DEL) -> (---) -> TEST [FC55]          (CHG)  
DB62.D00002.2        (NEW) -> (---) -> TEST [FC55]          (CHG)  
OB35 [FC18]          (LD ) -> (LD ) -> DB61                 (CLM)  
OB35 [OB35]          (LD ) -> (LD ) -> OB35 [FC18]          (LD )  

 ***** LoadRefs of <Mangal\SIMATIC 400\CPU 416-2 DP\S7 Program(1)\Charts> on 06/15/12 17:38:09

TEST [FC55]          (LD ) -> (LD ) -> regulator [FB321]    (LD )  
TEST [FC55]          (LD ) -> (LD ) -> TEST.3 [DB66]        (LD )  
TEST [FC55]          (LD ) -> (LD ) -> N_TOF [FB1483]       (LD )  
TEST [FC55]          (LD ) -> (LD ) -> TEST.10 [DB70]       (LD )  
TEST [FC55]          (LD ) -> (LD ) -> TEST.5 [DB69]        (LD )  
TEST [FC55]          (LD ) -> (LD ) -> TEST.6 [DB68]        (LD )  
OB35 [FC18]          (LD ) -> (LD ) -> DB62                 (LD )  
TEST [FC55]          (LD ) -> (LD ) -> DB62                 (LD )  
TEST [FC55]          (LD ) -> (LD ) -> CUT_SHER [FB3333]    (LD )  
TEST [FC55]          (LD ) -> (LD ) -> TIMER_P [FB5]        (LD )  
TEST [FC55]          (LD ) -> (LD ) -> TEST.4 [DB67]        (LD )  
TEST [FC55]          (LD ) -> (LD ) -> READY_STD [FB1060]   (LD )  
TEST [FC55]          (LD ) -> (LD ) -> TEST.2 [DB64]        (LD )  
TEST [FC55]          (LD ) -> (LD ) -> VISU_GEN [FB1067]    (LD )  
TEST [FC55]          (LD ) -> (LD ) -> TEST.1 [DB63]        (LD )  
OB35 [FC18]          (LD ) -> (LD ) -> TEST [FC55]          (LD )  
OB35 [FC18]          (LD ) -> (LD ) -> DB61                 (CLM)  
OB35 [OB35]          (LD ) -> (LD ) -> OB35 [FC18]          (LD )  

 ***** LoadRefs of <Mangal\SIMATIC 400\CPU 416-2 DP\S7 Program(1)\Charts> on 06/15/12 17:38:37

TEST [FC55]          (LD ) -> (LD ) -> regulator [FB321]    (LD )  
TEST [FC55]          (LD ) -> (LD ) -> TEST.3 [DB66]        (LD )  
TEST [FC55]          (LD ) -> (LD ) -> N_TOF [FB1483]       (LD )  
TEST [FC55]          (LD ) -> (LD ) -> TEST.10 [DB70]       (LD )  
TEST [FC55]          (LD ) -> (LD ) -> TEST.5 [DB69]        (LD )  
TEST [FC55]          (LD ) -> (LD ) -> TEST.6 [DB68]        (LD )  
OB35 [FC18]          (LD ) -> (LD ) -> DB62                 (LD )  
TEST [FC55]          (LD ) -> (LD ) -> DB62                 (LD )  
TEST [FC55]          (LD ) -> (LD ) -> CUT_SHER [FB3333]    (LD )  
TEST [FC55]          (LD ) -> (LD ) -> TIMER_P [FB5]        (LD )  
TEST [FC55]          (LD ) -> (LD ) -> TEST.4 [DB67]        (LD )  
TEST [FC55]          (LD ) -> (LD ) -> READY_STD [FB1060]   (LD )  
TEST [FC55]          (LD ) -> (LD ) -> TEST.2 [DB64]        (LD )  
TEST [FC55]          (LD ) -> (LD ) -> VISU_GEN [FB1067]    (LD )  
TEST [FC55]          (LD ) -> (LD ) -> TEST.1 [DB63]        (LD )  
OB35 [FC18]          (LD ) -> (LD ) -> TEST [FC55]          (LD )  
OB35 [FC18]          (LD ) -> (LD ) -> DB61                 (CLM)  
OB35 [OB35]          (LD ) -> (LD ) -> OB35 [FC18]          (LD )  

 ***** LoadRefs of <Mangal\SIMATIC 400\CPU 416-2 DP\S7 Program(1)\Charts> on 06/15/12 17:40:02


 ***** LoadRefs of <Mangal\SIMATIC 400\CPU 416-2 DP\S7 Program(1)\Charts> on 06/15/12 17:45:06


 ***** LoadRefs of <Mangal\SIMATIC 400\CPU 416-2 DP\S7 Program(1)\Charts> on 06/15/12 17:46:40

TEST [FC55]          (CHG) -> (LD ) -> TEST.3 [DB66]        (CLM)  
TEST [FC55]          (CHG) -> (LD ) -> regulator [FB321]    (LD )  
TEST [FC55]          (CHG) -> (LD ) -> N_TOF [FB1483]       (LD )  
TEST [FC55]          (CHG) -> (LD ) -> TEST.10 [DB70]       (LD )  
TEST [FC55]          (CHG) -> (LD ) -> TEST.5 [DB69]        (LD )  
TEST [FC55]          (CHG) -> (LD ) -> TEST.6 [DB68]        (LD )  
OB35 [FC18]          (LD ) -> (LD ) -> DB62                 (LD )  
TEST [FC55]          (CHG) -> (LD ) -> DB62                 (LD )  
TEST [FC55]          (CHG) -> (LD ) -> CUT_SHER [FB3333]    (LD )  
TEST [FC55]          (CHG) -> (LD ) -> TIMER_P [FB5]        (LD )  
TEST [FC55]          (CHG) -> (LD ) -> TEST.4 [DB67]        (LD )  
TEST [FC55]          (CHG) -> (LD ) -> READY_STD [FB1060]   (LD )  
TEST [FC55]          (CHG) -> (LD ) -> TEST.2 [DB64]        (LD )  
TEST [FC55]          (CHG) -> (LD ) -> VISU_GEN [FB1067]    (LD )  
TEST [FC55]          (CHG) -> (LD ) -> TEST.1 [DB63]        (LD )  
OB35 [FC18]          (LD ) -> (LD ) -> TEST [FC55]          (CHG)  
TEST.3 [DB66].HW_PULS (CHG) -> (---) -> TEST [FC55]          (CHG)  
OB35 [FC18]          (LD ) -> (LD ) -> DB61                 (CLM)  
OB35 [OB35]          (LD ) -> (LD ) -> OB35 [FC18]          (LD )  

 ***** LoadRefs of <Mangal\SIMATIC 400\CPU 416-2 DP\S7 Program(1)\Charts> on 06/15/12 17:48:57

TEST [FC55]          (CHG) -> (LD ) -> TEST.3 [DB66]        (CLM)  
TEST [FC55]          (CHG) -> (LD ) -> regulator [FB321]    (LD )  
TEST [FC55]          (CHG) -> (LD ) -> N_TOF [FB1483]       (LD )  
TEST [FC55]          (CHG) -> (LD ) -> TEST.10 [DB70]       (LD )  
TEST [FC55]          (CHG) -> (LD ) -> TEST.5 [DB69]        (LD )  
TEST [FC55]          (CHG) -> (LD ) -> TEST.6 [DB68]        (LD )  
OB35 [FC18]          (LD ) -> (LD ) -> DB62                 (LD )  
TEST [FC55]          (CHG) -> (LD ) -> DB62                 (LD )  
TEST [FC55]          (CHG) -> (LD ) -> CUT_SHER [FB3333]    (LD )  
TEST [FC55]          (CHG) -> (LD ) -> TIMER_P [FB5]        (LD )  
TEST [FC55]          (CHG) -> (LD ) -> TEST.4 [DB67]        (LD )  
TEST [FC55]          (CHG) -> (LD ) -> READY_STD [FB1060]   (LD )  
TEST [FC55]          (CHG) -> (LD ) -> TEST.2 [DB64]        (LD )  
TEST [FC55]          (CHG) -> (LD ) -> VISU_GEN [FB1067]    (LD )  
TEST [FC55]          (CHG) -> (LD ) -> TEST.1 [DB63]        (LD )  
OB35 [FC18]          (LD ) -> (LD ) -> TEST [FC55]          (CHG)  
TEST.3 [DB66].HW_PULS (LDL) -> (---) -> TEST [FC55]          (CHG)  
OB35 [FC18]          (LD ) -> (LD ) -> DB61                 (CLM)  
OB35 [OB35]          (LD ) -> (LD ) -> OB35 [FC18]          (LD )  

 ***** LoadRefs of <Mangal\SIMATIC 400\CPU 416-2 DP\S7 Program(1)\Charts> on 06/15/12 17:50:26

TEST [FC55]          (LD ) -> (LD ) -> TEST.3 [DB66]        (LD )  
TEST [FC55]          (LD ) -> (LD ) -> regulator [FB321]    (LD )  
TEST [FC55]          (LD ) -> (LD ) -> N_TOF [FB1483]       (LD )  
TEST [FC55]          (LD ) -> (LD ) -> TEST.10 [DB70]       (LD )  
TEST [FC55]          (LD ) -> (LD ) -> TEST.5 [DB69]        (LD )  
TEST [FC55]          (LD ) -> (LD ) -> TEST.6 [DB68]        (LD )  
OB35 [FC18]          (LD ) -> (LD ) -> DB62                 (LD )  
TEST [FC55]          (LD ) -> (LD ) -> DB62                 (LD )  
TEST [FC55]          (LD ) -> (LD ) -> CUT_SHER [FB3333]    (LD )  
TEST [FC55]          (LD ) -> (LD ) -> TIMER_P [FB5]        (LD )  
TEST [FC55]          (LD ) -> (LD ) -> TEST.4 [DB67]        (LD )  
TEST [FC55]          (LD ) -> (LD ) -> READY_STD [FB1060]   (LD )  
TEST [FC55]          (LD ) -> (LD ) -> TEST.2 [DB64]        (LD )  
TEST [FC55]          (LD ) -> (LD ) -> VISU_GEN [FB1067]    (LD )  
TEST [FC55]          (LD ) -> (LD ) -> TEST.1 [DB63]        (LD )  
OB35 [FC18]          (LD ) -> (LD ) -> TEST [FC55]          (LD )  
OB35 [FC18]          (LD ) -> (LD ) -> DB61                 (CLM)  
OB35 [OB35]          (LD ) -> (LD ) -> OB35 [FC18]          (LD )  

 ***** LoadRefs of <Mangal\SIMATIC 400\CPU 416-2 DP\S7 Program(1)\Charts> on 06/15/12 17:52:21

TEST [FC55]          (LD ) -> (LD ) -> TEST.3 [DB66]        (LD )  
TEST [FC55]          (LD ) -> (LD ) -> regulator [FB321]    (LD )  
TEST [FC55]          (LD ) -> (LD ) -> N_TOF [FB1483]       (LD )  
TEST [FC55]          (LD ) -> (LD ) -> TEST.10 [DB70]       (LD )  
TEST [FC55]          (LD ) -> (LD ) -> TEST.5 [DB69]        (LD )  
TEST [FC55]          (LD ) -> (LD ) -> TEST.6 [DB68]        (LD )  
OB35 [FC18]          (LD ) -> (LD ) -> DB62                 (LD )  
TEST [FC55]          (LD ) -> (LD ) -> DB62                 (LD )  
TEST [FC55]          (LD ) -> (LD ) -> CUT_SHER [FB3333]    (LD )  
TEST [FC55]          (LD ) -> (LD ) -> TIMER_P [FB5]        (LD )  
TEST [FC55]          (LD ) -> (LD ) -> TEST.4 [DB67]        (LD )  
TEST [FC55]          (LD ) -> (LD ) -> READY_STD [FB1060]   (LD )  
TEST [FC55]          (LD ) -> (LD ) -> TEST.2 [DB64]        (LD )  
TEST [FC55]          (LD ) -> (LD ) -> VISU_GEN [FB1067]    (LD )  
TEST [FC55]          (LD ) -> (LD ) -> TEST.1 [DB63]        (LD )  
OB35 [FC18]          (LD ) -> (LD ) -> TEST [FC55]          (LD )  
OB35 [FC18]          (LD ) -> (LD ) -> DB61                 (CLM)  
OB35 [OB35]          (LD ) -> (LD ) -> OB35 [FC18]          (LD )  

 ***** LoadRefs of <Mangal\SIMATIC 400\CPU 416-2 DP\S7 Program(1)\Charts> on 06/15/12 18:05:49


 ***** LoadRefs of <Mangal\SIMATIC 400\CPU 416-2 DP\S7 Program(1)\Charts> on 06/15/12 18:29:27

TEST [FC55]          (CHG) -> (LD ) -> TEST.3 [DB65]        (CLM)  
TEST [FC55]          (CHG) -> (LD ) -> regulator [FB321]    (LD )  
TEST [FC55]          (CHG) -> (LD ) -> N_TOF [FB1483]       (LD )  
TEST [FC55]          (CHG) -> (LD ) -> TEST.10 [DB70]       (LD )  
TEST [FC55]          (CHG) -> (LD ) -> TEST.5 [DB69]        (LD )  
TEST [FC55]          (CHG) -> (LD ) -> TEST.6 [DB68]        (LD )  
OB35 [FC18]          (LD ) -> (LD ) -> DB62                 (LD )  
TEST [FC55]          (CHG) -> (LD ) -> DB62                 (LD )  
TEST [FC55]          (CHG) -> (LD ) -> CUT_SHER [FB3333]    (LD )  
TEST [FC55]          (CHG) -> (LD ) -> TIMER_P [FB5]        (LD )  
TEST [FC55]          (CHG) -> (LD ) -> TEST.4 [DB67]        (LD )  
TEST [FC55]          (CHG) -> (LD ) -> READY_STD [FB1060]   (LD )  
TEST [FC55]          (CHG) -> (LD ) -> TEST.2 [DB64]        (LD )  
TEST [FC55]          (CHG) -> (LD ) -> VISU_GEN [FB1067]    (LD )  
TEST [FC55]          (CHG) -> (LD ) -> TEST.1 [DB63]        (LD )  
OB35 [FC18]          (LD ) -> (LD ) -> TEST [FC55]          (CHG)  
TEST.3 [DB65].HW_PULS (LDL) -> (---) -> TEST [FC55]          (CHG)  
OB35 [FC18]          (LD ) -> (LD ) -> DB61                 (CLM)  
OB35 [OB35]          (LD ) -> (LD ) -> OB35 [FC18]          (LD )  

 ***** LoadRefs of <Mangal\SIMATIC 400\CPU 416-2 DP\S7 Program(1)\Charts> on 06/15/12 18:30:53


 ***** LoadRefs of <Mangal\SIMATIC 400\CPU 416-2 DP\S7 Program(1)\Charts> on 06/15/12 18:33:51

TEST [FC55]          (CHG) -> (LD ) -> TEST.3 [DB66]        (CLM)  
TEST [FC55]          (CHG) -> (LD ) -> regulator [FB321]    (LD )  
TEST [FC55]          (CHG) -> (LD ) -> N_TOF [FB1483]       (LD )  
TEST [FC55]          (CHG) -> (LD ) -> TEST.10 [DB70]       (LD )  
TEST [FC55]          (CHG) -> (LD ) -> TEST.5 [DB69]        (LD )  
TEST [FC55]          (CHG) -> (LD ) -> TEST.6 [DB68]        (LD )  
OB35 [FC18]          (LD ) -> (LD ) -> DB62                 (LD )  
TEST [FC55]          (CHG) -> (LD ) -> DB62                 (LD )  
TEST [FC55]          (CHG) -> (LD ) -> CUT_SHER [FB3333]    (LD )  
TEST [FC55]          (CHG) -> (LD ) -> TIMER_P [FB5]        (LD )  
TEST [FC55]          (CHG) -> (LD ) -> TEST.4 [DB67]        (LD )  
TEST [FC55]          (CHG) -> (LD ) -> READY_STD [FB1060]   (LD )  
TEST [FC55]          (CHG) -> (LD ) -> TEST.2 [DB64]        (LD )  
TEST [FC55]          (CHG) -> (LD ) -> VISU_GEN [FB1067]    (LD )  
TEST [FC55]          (CHG) -> (LD ) -> TEST.1 [DB63]        (LD )  
OB35 [FC18]          (LD ) -> (LD ) -> TEST [FC55]          (CHG)  
TEST.3 [DB66].HW_PULS (LDL) -> (---) -> TEST [FC55]          (CHG)  
OB35 [FC18]          (LD ) -> (LD ) -> DB61                 (CLM)  
OB35 [OB35]          (LD ) -> (LD ) -> OB35 [FC18]          (LD )  

 ***** LoadRefs of <Mangal\SIMATIC 400\CPU 416-2 DP\S7 Program(1)\Charts> on 06/15/12 18:34:48

TEST [FC55]          (CHG) -> (LD ) -> TEST.3 [DB66]        (CLM)  
TEST [FC55]          (CHG) -> (LD ) -> regulator [FB321]    (LD )  
TEST [FC55]          (CHG) -> (LD ) -> N_TOF [FB1483]       (LD )  
TEST [FC55]          (CHG) -> (LD ) -> TEST.10 [DB70]       (LD )  
TEST [FC55]          (CHG) -> (LD ) -> TEST.5 [DB69]        (LD )  
TEST [FC55]          (CHG) -> (LD ) -> TEST.6 [DB68]        (LD )  
OB35 [FC18]          (LD ) -> (LD ) -> DB62                 (LD )  
TEST [FC55]          (CHG) -> (LD ) -> DB62                 (LD )  
TEST [FC55]          (CHG) -> (LD ) -> CUT_SHER [FB3333]    (LD )  
TEST [FC55]          (CHG) -> (LD ) -> TIMER_P [FB5]        (LD )  
TEST [FC55]          (CHG) -> (LD ) -> TEST.4 [DB67]        (LD )  
TEST [FC55]          (CHG) -> (LD ) -> READY_STD [FB1060]   (LD )  
TEST [FC55]          (CHG) -> (LD ) -> TEST.2 [DB64]        (LD )  
TEST [FC55]          (CHG) -> (LD ) -> VISU_GEN [FB1067]    (LD )  
TEST [FC55]          (CHG) -> (LD ) -> TEST.1 [DB63]        (LD )  
OB35 [FC18]          (LD ) -> (LD ) -> TEST [FC55]          (CHG)  
TEST.3 [DB66].HW_PULS (LDL) -> (---) -> TEST [FC55]          (CHG)  
OB35 [FC18]          (LD ) -> (LD ) -> DB61                 (CLM)  
OB35 [OB35]          (LD ) -> (LD ) -> OB35 [FC18]          (LD )  

 ***** LoadRefs of <Mangal\SIMATIC 400\CPU 416-2 DP\S7 Program(1)\Charts> on 06/18/12 15:12:41

TEST [FC55]          (CHG) -> (NEW) -> N_AnMeas [FB1435]    (NEW)  
TEST [FC55]          (CHG) -> (NEW) -> TEST.UW40_BQ01 [DB72] (NEW)  
TEST [FC55]          (CHG) -> (LD ) -> TEST.3 [DB66]        (LD )  
TEST [FC55]          (CHG) -> (LD ) -> regulator [FB321]    (LD )  
TEST [FC55]          (CHG) -> (LD ) -> N_TOF [FB1483]       (LD )  
TEST [FC55]          (CHG) -> (LD ) -> TEST.10 [DB70]       (LD )  
TEST [FC55]          (CHG) -> (LD ) -> TEST.5 [DB69]        (LD )  
TEST [FC55]          (CHG) -> (LD ) -> TEST.6 [DB68]        (LD )  
OB35 [FC18]          (LD ) -> (LD ) -> DB62                 (CLM)  
TEST [FC55]          (CHG) -> (LD ) -> DB62                 (CLM)  
TEST [FC55]          (CHG) -> (LD ) -> CUT_SHER [FB3333]    (LD )  
TEST [FC55]          (CHG) -> (LD ) -> TIMER_P [FB5]        (LD )  
TEST [FC55]          (CHG) -> (LD ) -> TEST.4 [DB67]        (LD )  
TEST [FC55]          (CHG) -> (LD ) -> READY_STD [FB1060]   (LD )  
TEST [FC55]          (CHG) -> (LD ) -> TEST.2 [DB64]        (LD )  
TEST [FC55]          (CHG) -> (LD ) -> VISU_GEN [FB1067]    (LD )  
TEST [FC55]          (CHG) -> (LD ) -> TEST.1 [DB63]        (LD )  
OB35 [FC18]          (LD ) -> (LD ) -> TEST [FC55]          (CHG)  
DB62.D00002.3        (NEW) -> (---) -> TEST [FC55]          (CHG)  
OB35 [FC18]          (LD ) -> (LD ) -> DB61                 (CLM)  
OB35 [OB35]          (LD ) -> (LD ) -> OB35 [FC18]          (LD )  

 ***** LoadRefs of <Mangal\SIMATIC 400\CPU 416-2 DP\S7 Program(1)\Charts> on 06/18/12 15:15:19

TEST [FC55]          (CHG) -> (NEW) -> N_PID [FB55]         (LD )  
TEST [FC55]          (CHG) -> (NEW) -> TEST.12 [DB65]       (NEW)  
TEST [FC55]          (CHG) -> (LD ) -> N_AnMeas [FB1435]    (LD )  
TEST [FC55]          (CHG) -> (LD ) -> TEST.UW40_BQ01 [DB72] (LD )  
TEST [FC55]          (CHG) -> (LD ) -> TEST.3 [DB66]        (LD )  
TEST [FC55]          (CHG) -> (LD ) -> regulator [FB321]    (LD )  
TEST [FC55]          (CHG) -> (LD ) -> N_TOF [FB1483]       (LD )  
TEST [FC55]          (CHG) -> (LD ) -> TEST.10 [DB70]       (LD )  
TEST [FC55]          (CHG) -> (LD ) -> TEST.5 [DB69]        (LD )  
TEST [FC55]          (CHG) -> (LD ) -> TEST.6 [DB68]        (LD )  
OB35 [FC18]          (LD ) -> (LD ) -> DB62                 (CLM)  
TEST [FC55]          (CHG) -> (LD ) -> DB62                 (CLM)  
TEST [FC55]          (CHG) -> (LD ) -> CUT_SHER [FB3333]    (LD )  
TEST [FC55]          (CHG) -> (LD ) -> TIMER_P [FB5]        (LD )  
TEST [FC55]          (CHG) -> (LD ) -> TEST.4 [DB67]        (LD )  
TEST [FC55]          (CHG) -> (LD ) -> READY_STD [FB1060]   (LD )  
TEST [FC55]          (CHG) -> (LD ) -> TEST.2 [DB64]        (LD )  
TEST [FC55]          (CHG) -> (LD ) -> VISU_GEN [FB1067]    (LD )  
TEST [FC55]          (CHG) -> (LD ) -> TEST.1 [DB63]        (LD )  
OB35 [FC18]          (LD ) -> (LD ) -> TEST [FC55]          (CHG)  
DB62.D00000.3        (NEW) -> (---) -> TEST [FC55]          (CHG)  
OB35 [FC18]          (LD ) -> (LD ) -> DB61                 (CLM)  
OB35 [OB35]          (LD ) -> (LD ) -> OB35 [FC18]          (LD )  

 ***** LoadRefs of <Mangal\SIMATIC 400\CPU 416-2 DP\S7 Program(1)\Charts> on 06/18/12 15:16:27

TEST [FC55]          (CHG) -> (NEW) -> N_PID [FB55]         (LD )  
TEST [FC55]          (CHG) -> (NEW) -> TEST.12 [DB65]       (NEW)  
TEST [FC55]          (CHG) -> (LD ) -> N_AnMeas [FB1435]    (LD )  
TEST [FC55]          (CHG) -> (LD ) -> TEST.UW40_BQ01 [DB72] (LD )  
TEST [FC55]          (CHG) -> (LD ) -> TEST.3 [DB66]        (LD )  
TEST [FC55]          (CHG) -> (LD ) -> regulator [FB321]    (LD )  
TEST [FC55]          (CHG) -> (LD ) -> N_TOF [FB1483]       (LD )  
TEST [FC55]          (CHG) -> (LD ) -> TEST.10 [DB70]       (LD )  
TEST [FC55]          (CHG) -> (LD ) -> TEST.5 [DB69]        (LD )  
TEST [FC55]          (CHG) -> (LD ) -> TEST.6 [DB68]        (LD )  
OB35 [FC18]          (LD ) -> (LD ) -> DB62                 (CLM)  
TEST [FC55]          (CHG) -> (LD ) -> DB62                 (CLM)  
TEST [FC55]          (CHG) -> (LD ) -> CUT_SHER [FB3333]    (LD )  
TEST [FC55]          (CHG) -> (LD ) -> TIMER_P [FB5]        (LD )  
TEST [FC55]          (CHG) -> (LD ) -> TEST.4 [DB67]        (LD )  
TEST [FC55]          (CHG) -> (LD ) -> READY_STD [FB1060]   (LD )  
TEST [FC55]          (CHG) -> (LD ) -> TEST.2 [DB64]        (LD )  
TEST [FC55]          (CHG) -> (LD ) -> VISU_GEN [FB1067]    (LD )  
TEST [FC55]          (CHG) -> (LD ) -> TEST.1 [DB63]        (LD )  
OB35 [FC18]          (LD ) -> (LD ) -> TEST [FC55]          (CHG)  
DB62.D00000.3        (NEW) -> (---) -> TEST [FC55]          (CHG)  
OB35 [FC18]          (LD ) -> (LD ) -> DB61                 (CLM)  
OB35 [OB35]          (LD ) -> (LD ) -> OB35 [FC18]          (LD )  

 ***** LoadRefs of <Mangal\SIMATIC 400\CPU 416-2 DP\S7 Program(1)\Charts> on 06/18/12 15:17:20

TEST [FC55]          (CHG) -> (NEW) -> N_PID [FB55]         (LD )  
TEST [FC55]          (CHG) -> (NEW) -> TEST.12 [DB65]       (NEW)  
TEST [FC55]          (CHG) -> (LD ) -> N_AnMeas [FB1435]    (LD )  
TEST [FC55]          (CHG) -> (LD ) -> TEST.UW40_BQ01 [DB72] (LD )  
TEST [FC55]          (CHG) -> (LD ) -> TEST.3 [DB66]        (LD )  
TEST [FC55]          (CHG) -> (LD ) -> regulator [FB321]    (LD )  
TEST [FC55]          (CHG) -> (LD ) -> N_TOF [FB1483]       (LD )  
TEST [FC55]          (CHG) -> (LD ) -> TEST.10 [DB70]       (LD )  
TEST [FC55]          (CHG) -> (LD ) -> TEST.5 [DB69]        (LD )  
TEST [FC55]          (CHG) -> (LD ) -> TEST.6 [DB68]        (LD )  
OB35 [FC18]          (LD ) -> (LD ) -> DB62                 (CLM)  
TEST [FC55]          (CHG) -> (LD ) -> DB62                 (CLM)  
TEST [FC55]          (CHG) -> (LD ) -> CUT_SHER [FB3333]    (LD )  
TEST [FC55]          (CHG) -> (LD ) -> TIMER_P [FB5]        (LD )  
TEST [FC55]          (CHG) -> (LD ) -> TEST.4 [DB67]        (LD )  
TEST [FC55]          (CHG) -> (LD ) -> READY_STD [FB1060]   (LD )  
TEST [FC55]          (CHG) -> (LD ) -> TEST.2 [DB64]        (LD )  
TEST [FC55]          (CHG) -> (LD ) -> VISU_GEN [FB1067]    (LD )  
TEST [FC55]          (CHG) -> (LD ) -> TEST.1 [DB63]        (LD )  
OB35 [FC18]          (LD ) -> (LD ) -> TEST [FC55]          (CHG)  
DB62.D00000.3        (NEW) -> (---) -> TEST [FC55]          (CHG)  
OB35 [FC18]          (LD ) -> (LD ) -> DB61                 (CLM)  
OB35 [OB35]          (LD ) -> (LD ) -> OB35 [FC18]          (LD )  

 ***** LoadRefs of <Mangal\SIMATIC 400\CPU 416-2 DP\S7 Program(1)\Charts> on 06/18/12 15:35:03

TEST [FC55]          (CHG) -> (LD ) -> N_PID [FB55]         (LD )  
TEST [FC55]          (CHG) -> (LD ) -> TEST.12 [DB65]       (CLM)  
TEST [FC55]          (CHG) -> (LD ) -> N_AnMeas [FB1435]    (LD )  
TEST [FC55]          (CHG) -> (LD ) -> TEST.UW40_BQ01 [DB72] (LD )  
TEST [FC55]          (CHG) -> (LD ) -> TEST.3 [DB66]        (LD )  
TEST [FC55]          (CHG) -> (LD ) -> regulator [FB321]    (LD )  
TEST [FC55]          (CHG) -> (LD ) -> N_TOF [FB1483]       (LD )  
TEST [FC55]          (CHG) -> (LD ) -> TEST.10 [DB70]       (LD )  
TEST [FC55]          (CHG) -> (LD ) -> TEST.5 [DB69]        (LD )  
TEST [FC55]          (CHG) -> (LD ) -> TEST.6 [DB68]        (LD )  
OB35 [FC18]          (LD ) -> (LD ) -> DB62                 (LD )  
TEST [FC55]          (CHG) -> (LD ) -> DB62                 (LD )  
TEST [FC55]          (CHG) -> (LD ) -> CUT_SHER [FB3333]    (LD )  
TEST [FC55]          (CHG) -> (LD ) -> TIMER_P [FB5]        (LD )  
TEST [FC55]          (CHG) -> (LD ) -> TEST.4 [DB67]        (LD )  
TEST [FC55]          (CHG) -> (LD ) -> READY_STD [FB1060]   (LD )  
TEST [FC55]          (CHG) -> (LD ) -> TEST.2 [DB64]        (LD )  
TEST [FC55]          (CHG) -> (LD ) -> VISU_GEN [FB1067]    (LD )  
TEST [FC55]          (CHG) -> (LD ) -> TEST.1 [DB63]        (LD )  
OB35 [FC18]          (LD ) -> (LD ) -> TEST [FC55]          (CHG)  
TEST.12 [DB65].PV    (LDL) -> (---) -> TEST [FC55]          (CHG)  
OB35 [FC18]          (LD ) -> (LD ) -> DB61                 (CLM)  
OB35 [OB35]          (LD ) -> (LD ) -> OB35 [FC18]          (LD )  
